{"/Users/cheolsker/Desktop/2025-studies/next.config.ts": {"path":"/Users/cheolsker/Desktop/2025-studies/next.config.ts","statementMap":{"0":{"start":{"line":7,"column":0},"end":{"line":7,"column":15}},"1":{"start":{"line":3,"column":31},"end":{"line":5,"column":null}},"2":{"start":{"line":7,"column":15},"end":{"line":7,"column":null}}},"fnMap":{},"branchMap":{},"s":{"0":0,"1":0,"2":0},"f":{},"b":{}}
,"/Users/cheolsker/Desktop/2025-studies/utils/formatCurrency.js": {"path":"/Users/cheolsker/Desktop/2025-studies/utils/formatCurrency.js","statementMap":{"0":{"start":{"line":6,"column":16},"end":{"line":6,"column":31}},"1":{"start":{"line":8,"column":21},"end":{"line":8,"column":null}},"2":{"start":{"line":11,"column":24},"end":{"line":11,"column":null}},"3":{"start":{"line":14,"column":25},"end":{"line":17,"column":null}},"4":{"start":{"line":20,"column":2},"end":{"line":20,"column":null}}},"fnMap":{"0":{"name":"formatCurrency","decl":{"start":{"line":6,"column":16},"end":{"line":6,"column":31}},"loc":{"start":{"line":6,"column":36},"end":{"line":21,"column":null}}}},"branchMap":{"0":{"loc":{"start":{"line":20,"column":9},"end":{"line":20,"column":66}},"type":"cond-expr","locations":[{"start":{"line":20,"column":22},"end":{"line":20,"column":43}},{"start":{"line":20,"column":46},"end":{"line":20,"column":66}}]}},"s":{"0":11,"1":11,"2":11,"3":11,"4":11},"f":{"0":11},"b":{"0":[5,6]}}
}
